<?xml version="1.0" encoding="UTF-8"?>
<!-- Generated by org.testng.reporters.JUnitReportReporter -->
<testsuite hostname="DESKTOP-G7T236P" failures="0" tests="3" name="com.test.saucedemotest" time="2.853" errors="0" timestamp="2025-01-21T10:59:42 IST" skipped="0">
  <testcase classname="com.test.saucedemotest" name="loginTest" time="0.523"/>
  <system-out/>
  <testcase classname="com.test.saucedemotest" name="addToCartTest" time="2.144"/>
  <system-out/>
  <testcase classname="com.test.saucedemotest" name="checkoutTest" time="0.186"/>
  <system-out/>
</testsuite> <!-- com.test.saucedemotest -->
